Mono path[0] = '/home/john/ULTRAKILL/game/ULTRAKILL_Data/Managed'
Mono config path = '/home/john/ULTRAKILL/game/ULTRAKILL_Data/MonoBleedingEdge/etc'
Preloaded 'libdiscord_game_sdk.so'
Display 0 '0': 1920x1080 (primary device).
Display 1 'No Monitor': 1440x900 (secondary device).
Desktop is 1920 x 1080 @ 60 Hz
Unknown renderer 2 
(Filename:  Line: 324)

Initialize engine version: 2019.4.40f1 (ffc62b691db5)
[Subsystems] Discovering subsystems at path /home/john/ULTRAKILL/game/ULTRAKILL_Data/UnitySubsystems
GfxDevice: creating device client; threaded=1
GfxDevice: creating device client; threaded=1
Renderer: Mesa Intel(R) UHD Graphics (ICL GT1)
Vendor:   Intel
Version:  4.6 (Core Profile) Mesa 24.1.1-arch1.1
GLES:     0
 GL_3DFX_texture_compression_FXT1 GL_AMD_conservative_depth GL_AMD_depth_clamp_separate GL_AMD_draw_buffers_blend GL_AMD_gpu_shader_int64 GL_AMD_multi_draw_indirect GL_AMD_performance_monitor GL_AMD_pinned_memory GL_AMD_query_buffer_object GL_AMD_seamless_cubemap_per_texture GL_AMD_shader_stencil_export GL_AMD_shader_trinary_minmax GL_AMD_texture_texture4 GL_AMD_vertex_shader_layer GL_AMD_vertex_shader_viewport_index GL_ANGLE_texture_compression_dxt3 GL_ANGLE_texture_compression_dxt5 GL_ARB_ES2_compatibility GL_ARB_ES3_1_compatibility GL_ARB_ES3_2_compatibility GL_ARB_ES3_compatibility GL_ARB_arrays_of_arrays GL_ARB_base_instance GL_ARB_blend_func_extended GL_ARB_buffer_storage GL_ARB_clear_buffer_object GL_ARB_clear_texture GL_ARB_clip_control GL_ARB_compressed_texture_pixel_storage GL_ARB_compute_shader GL_ARB_compute_variable_group_size GL_ARB_conditional_render_inverted GL_ARB_conservative_depth GL_ARB_copy_buffer GL_ARB_copy_image GL_ARB_cull_distance GL_ARB_debug_output GL_ARB_depth_buffer_float GL_ARB
_depth_clamp GL_ARB_derivative_control GL_ARB_direct_state_access GL_ARB_draw_buffers GL_ARB_draw_buffers_blend GL_ARB_draw_elements_base_vertex GL_ARB_draw_indirect GL_ARB_draw_instanced GL_ARB_enhanced_layouts GL_ARB_explicit_attrib_location GL_ARB_explicit_uniform_location GL_ARB_fragment_coord_conventions GL_ARB_fragment_layer_viewport GL_ARB_fragment_shader GL_ARB_fragment_shader_interlock GL_ARB_framebuffer_no_attachments GL_ARB_framebuffer_object GL_ARB_framebuffer_sRGB GL_ARB_get_program_binary GL_ARB_get_texture_sub_image GL_ARB_gl_spirv GL_ARB_gpu_shader5 GL_ARB_gpu_shader_fp64 GL_ARB_gpu_shader_int64 GL_ARB_half_float_pixel GL_ARB_half_float_vertex GL_ARB_indirect_parameters GL_ARB_instanced_arrays GL_ARB_internalformat_query GL_ARB_internalformat_query2 GL_ARB_invalidate_subdata GL_ARB_map_buffer_alignment GL_ARB_map_buffer_range GL_ARB_multi_bind GL_ARB_multi_draw_indirect GL_ARB_occlusion_query2 GL_ARB_parallel_shader_compile GL_ARB_pipeline_statistics_query GL_ARB_pixel_buffer_object GL_ARB_po
int_sprite GL_ARB_polygon_offset_clamp GL_ARB_post_depth_coverage GL_ARB_program_interface_query GL_ARB_provoking_vertex GL_ARB_query_buffer_object GL_ARB_robust_buffer_access_behavior GL_ARB_robustness GL_ARB_sample_shading GL_ARB_sampler_objects GL_ARB_seamless_cube_map GL_ARB_seamless_cubemap_per_texture GL_ARB_separate_shader_objects GL_ARB_shader_atomic_counter_ops GL_ARB_shader_atomic_counters GL_ARB_shader_ballot GL_ARB_shader_bit_encoding GL_ARB_shader_clock GL_ARB_shader_draw_parameters GL_ARB_shader_group_vote GL_ARB_shader_image_load_store GL_ARB_shader_image_size GL_ARB_shader_objects GL_ARB_shader_precision GL_ARB_shader_stencil_export GL_ARB_shader_storage_buffer_object GL_ARB_shader_subroutine GL_ARB_shader_texture_image_samples GL_ARB_shader_texture_lod GL_ARB_shader_viewport_layer_array GL_ARB_shading_language_420pack GL_ARB_shading_language_include GL_ARB_shading_language_packing GL_ARB_spirv_extensions GL_ARB_stencil_texturing GL_ARB_sync GL_ARB_tessellation_shader GL_ARB_texture_barrier G
L_ARB_texture_border_clamp GL_ARB_texture_buffer_object GL_ARB_texture_buffer_object_rgb32 GL_ARB_texture_buffer_range GL_ARB_texture_compression_bptc GL_ARB_texture_compression_rgtc GL_ARB_texture_cube_map_array GL_ARB_texture_filter_anisotropic GL_ARB_texture_float GL_ARB_texture_gather GL_ARB_texture_mirror_clamp_to_edge GL_ARB_texture_multisample GL_ARB_texture_non_power_of_two GL_ARB_texture_query_levels GL_ARB_texture_query_lod GL_ARB_texture_rectangle GL_ARB_texture_rg GL_ARB_texture_rgb10_a2ui GL_ARB_texture_stencil8 GL_ARB_texture_storage GL_ARB_texture_storage_multisample GL_ARB_texture_swizzle GL_ARB_texture_view GL_ARB_timer_query GL_ARB_transform_feedback2 GL_ARB_transform_feedback3 GL_ARB_transform_feedback_instanced GL_ARB_transform_feedback_overflow_query GL_ARB_uniform_buffer_object GL_ARB_vertex_array_bgra GL_ARB_vertex_array_object GL_ARB_vertex_attrib_64bit GL_ARB_vertex_attrib_binding GL_ARB_vertex_buffer_object GL_ARB_vertex_shader GL_ARB_vertex_type_10f_11f_11f_rev GL_ARB_vertex_type_2
_10_10_10_rev GL_ARB_viewport_array GL_ATI_blend_equation_separate GL_ATI_texture_float GL_EXT_EGL_image_storage GL_EXT_EGL_sync GL_EXT_abgr GL_EXT_blend_equation_separate GL_EXT_debug_label GL_EXT_demote_to_helper_invocation GL_EXT_draw_buffers2 GL_EXT_draw_instanced GL_EXT_framebuffer_blit GL_EXT_framebuffer_multisample GL_EXT_framebuffer_multisample_blit_scaled GL_EXT_framebuffer_object GL_EXT_framebuffer_sRGB GL_EXT_memory_object GL_EXT_memory_object_fd GL_EXT_packed_depth_stencil GL_EXT_packed_float GL_EXT_pixel_buffer_object GL_EXT_polygon_offset_clamp GL_EXT_provoking_vertex GL_EXT_semaphore GL_EXT_semaphore_fd GL_EXT_shader_framebuffer_fetch GL_EXT_shader_framebuffer_fetch_non_coherent GL_EXT_shader_integer_mix GL_EXT_shader_samples_identical GL_EXT_texture_array GL_EXT_texture_compression_dxt1 GL_EXT_texture_compression_rgtc GL_EXT_texture_compression_s3tc GL_EXT_texture_filter_anisotropic GL_EXT_texture_integer GL_EXT_texture_sRGB GL_EXT_texture_sRGB_R8 GL_EXT_texture_sRGB_decode GL_EXT_texture_sha
dow_lod GL_EXT_texture_shared_exponent GL_EXT_texture_snorm GL_EXT_texture_storage GL_EXT_texture_swizzle GL_EXT_timer_query GL_EXT_transform_feedback GL_EXT_vertex_array_bgra GL_EXT_vertex_attrib_64bit GL_IBM_multimode_draw_arrays GL_INTEL_blackhole_render GL_INTEL_conservative_rasterization GL_INTEL_performance_query GL_INTEL_shader_atomic_float_minmax GL_INTEL_shader_integer_functions2 GL_KHR_blend_equation_advanced GL_KHR_blend_equation_advanced_coherent GL_KHR_context_flush_control GL_KHR_debug GL_KHR_no_error GL_KHR_parallel_shader_compile GL_KHR_robust_buffer_access_behavior GL_KHR_robustness GL_KHR_texture_compression_astc_ldr GL_KHR_texture_compression_astc_sliced_3d GL_MESA_framebuffer_flip_y GL_MESA_pack_invert GL_MESA_shader_integer_functions GL_MESA_texture_const_bandwidth GL_MESA_texture_signed_rgba GL_NV_alpha_to_coverage_dither_control GL_NV_compute_shader_derivatives GL_NV_conditional_render GL_NV_copy_image GL_NV_depth_clamp GL_NV_fragment_shader_interlock GL_NV_packed_depth_stencil GL_NV_t
exture_barrier GL_OES_EGL_image GL_S3_s3tc
OPENGL LOG: Creating OpenGL 4.6 graphics device ; Context level  <OpenGL 4.5> ; Context handle 229646032
Begin MonoManager ReloadAssembly
- Completed reload, in  0.083 seconds
Default vsync count 0
requesting resize 1920 x 1080
Using native desktop resolution 1920 x 1080
requesting fullscreen 1920 x 1080 at 0 Hz
Desktop is 1920 x 1080 @ 60 Hz
UnloadTime: 0.957788 ms
/home/john/ULTRAKILL/game/ULTRAKILL_Data/StreamingAssets/aa 
(Filename: ./Runtime/Export/Debug/Debug.bindings.h Line: 39)

(LoadSceneAsync) Loading scene Intro 
(Filename: ./Runtime/Export/Debug/Debug.bindings.h Line: 39)

Unloading 4 Unused Serialized files (Serialized files now loaded: 25)
UnloadTime: 2.775709 ms
requesting resize 1920 x 1080
Using native desktop resolution 1920 x 1080
requesting fullscreen 1920 x 1080 at 0 Hz
Desktop is 1920 x 1080 @ 60 Hz

Unloading 123 unused Assets to reduce memory usage. Loaded Objects now: 3779.
Total: 17.111402 ms (FindLiveObjects: 0.227823 ms CreateObjectMapping: 0.176718 ms MarkObjects: 16.209453 ms  DeleteObjects: 0.496190 ms)

(LoadSceneAsync) Loading scene Main Menu 
(Filename: ./Runtime/Export/Debug/Debug.bindings.h Line: 39)

Couldn't create a Convex Mesh from source mesh "Melon" within the maximum polygons limit (256). The partial hull will be used. Consider simplifying your mesh. 
(Filename:  Line: 91)

The referenced script on this Behaviour (Game Object 'Virtual Camera') is missing! 
(Filename:  Line: 334)

The referenced script on this Behaviour (Game Object 'Main Camera') is missing! 
(Filename:  Line: 334)

The referenced script on this Behaviour (Game Object 'HUD Camera') is missing! 
(Filename:  Line: 334)

The referenced script on this Behaviour (Game Object 'Main Camera') is missing! 
(Filename:  Line: 334)

Unloading 3 Unused Serialized files (Serialized files now loaded: 27)
UnloadTime: 9.997334 ms
/Keyboard/0 
(Filename: ./Runtime/Export/Debug/Debug.bindings.h Line: 39)

<color=#50ADD8>[Discord]</color> <color=#CCE6F0>Couldn't initialize Discord</color> 
(Filename: ./Runtime/Export/Debug/Debug.bindings.h Line: 39)

Fallback handler could not load library /home/john/ULTRAKILL/game/ULTRAKILL_Data/Mono/libsteam_api64
Fallback handler could not load library /home/john/ULTRAKILL/game/ULTRAKILL_Data/Mono/libsteam_api64.so
Fallback handler could not load library /home/john/ULTRAKILL/game/ULTRAKILL_Data/Mono/steam_api64
Fallback handler could not load library /home/john/ULTRAKILL/game/ULTRAKILL_Data/Mono/libsteam_api64
Fallback handler could not load library /home/john/ULTRAKILL/game/ULTRAKILL_Data/Mono/libsteam_api64.so
Fallback handler could not load library /home/john/ULTRAKILL/game/ULTRAKILL_Data/Mono/libsteam_api64
Fallback handler could not load library /home/john/ULTRAKILL/game/ULTRAKILL_Data/Mono/libsteam_api64
Fallback handler could not load library /home/john/ULTRAKILL/game/ULTRAKILL_Data/Mono/libsteam_api64.so
Fallback handler could not load library /home/john/ULTRAKILL/game/ULTRAKILL_Data/Mono/steam_api64
Fallback handler could not load library /home/john/ULTRAKILL/game/ULTRAKILL_Data/Mono/libsteam_api64
Fallback handler could not load library /home/john/ULTRAKILL/game/ULTRAKILL_Data/Mono/libsteam_api64.so
Fallback handler could not load library /home/john/ULTRAKILL/game/ULTRAKILL_Data/Mono/libsteam_api64
Fallback handler could not load library /home/john/ULTRAKILL/game/ULTRAKILL_Data/Mono/libsteam_api64
Fallback handler could not load library /home/john/ULTRAKILL/game/ULTRAKILL_Data/Mono/libsteam_api64.so
Fallback handler could not load library /home/john/ULTRAKILL/game/ULTRAKILL_Data/Mono/steam_api64
Fallback handler could not load library /home/john/ULTRAKILL/game/ULTRAKILL_Data/Mono/libsteam_api64
Fallback handler could not load library /home/john/ULTRAKILL/game/ULTRAKILL_Data/Mono/libsteam_api64.so
Fallback handler could not load library /home/john/ULTRAKILL/game/ULTRAKILL_Data/Mono/libsteam_api64
<color=#4AC1E4>[Steam]</color> <color=#CCEDFF>Couldn't initialize steam</color> 
(Filename: ./Runtime/Export/Debug/Debug.bindings.h Line: 39)

<color=#5494EE>[Presence]</color> <color=#CCE0FF>Scene loaded: Main Menu</color> 
(Filename: ./Runtime/Export/Debug/Debug.bindings.h Line: 39)


Unloading 4536 unused Assets to reduce memory usage. Loaded Objects now: 80236.
Total: 118.897274 ms (FindLiveObjects: 3.342630 ms CreateObjectMapping: 2.874878 ms MarkObjects: 109.842099 ms  DeleteObjects: 2.836989 ms)

Setting up 4 worker threads for Enlighten.
  Thread -> id: 7aff38c006c0 -> priority: 1 
  Thread -> id: 7aff33e006c0 -> priority: 1 
  Thread -> id: 7aff334006c0 -> priority: 1 
  Thread -> id: 7aff32a006c0 -> priority: 1 
Set Difficulty to: 2 
(Filename: ./Runtime/Export/Debug/Debug.bindings.h Line: 39)

Secret Mission Status: 0 
(Filename: ./Runtime/Export/Debug/Debug.bindings.h Line: 39)

Error in finding 16 Data 
(Filename: ./Runtime/Export/Debug/Debug.bindings.h Line: 39)

Error in finding 17 Data 
(Filename: ./Runtime/Export/Debug/Debug.bindings.h Line: 39)

Error in finding 18 Data 
(Filename: ./Runtime/Export/Debug/Debug.bindings.h Line: 39)

Error in finding 19 Data 
(Filename: ./Runtime/Export/Debug/Debug.bindings.h Line: 39)

Secret Mission Status: 0 
(Filename: ./Runtime/Export/Debug/Debug.bindings.h Line: 39)

Error in finding 20 Data 
(Filename: ./Runtime/Export/Debug/Debug.bindings.h Line: 39)

Error in finding 21 Data 
(Filename: ./Runtime/Export/Debug/Debug.bindings.h Line: 39)

Error in finding 22 Data 
(Filename: ./Runtime/Export/Debug/Debug.bindings.h Line: 39)

Error in finding 23 Data 
(Filename: ./Runtime/Export/Debug/Debug.bindings.h Line: 39)

Secret Mission Status: 0 
(Filename: ./Runtime/Export/Debug/Debug.bindings.h Line: 39)

Error in finding 24 Data 
(Filename: ./Runtime/Export/Debug/Debug.bindings.h Line: 39)

Error in finding 25 Data 
(Filename: ./Runtime/Export/Debug/Debug.bindings.h Line: 39)

Secret Mission Status: 0 
(Filename: ./Runtime/Export/Debug/Debug.bindings.h Line: 39)

Error in finding 4 Data 
(Filename: ./Runtime/Export/Debug/Debug.bindings.h Line: 39)

Error in finding 5 Data 
(Filename: ./Runtime/Export/Debug/Debug.bindings.h Line: 39)

Secret Mission Status: 0 
(Filename: ./Runtime/Export/Debug/Debug.bindings.h Line: 39)

Error in finding 666 Data 
(Filename: ./Runtime/Export/Debug/Debug.bindings.h Line: 39)

Error in finding 666 Data 
(Filename: ./Runtime/Export/Debug/Debug.bindings.h Line: 39)

Error in finding 666 Data 
(Filename: ./Runtime/Export/Debug/Debug.bindings.h Line: 39)

Secret Mission Status: 0 
(Filename: ./Runtime/Export/Debug/Debug.bindings.h Line: 39)

Error in finding 6 Data 
(Filename: ./Runtime/Export/Debug/Debug.bindings.h Line: 39)

Error in finding 7 Data 
(Filename: ./Runtime/Export/Debug/Debug.bindings.h Line: 39)

Error in finding 8 Data 
(Filename: ./Runtime/Export/Debug/Debug.bindings.h Line: 39)

Error in finding 9 Data 
(Filename: ./Runtime/Export/Debug/Debug.bindings.h Line: 39)

Secret Mission Status: 0 
(Filename: ./Runtime/Export/Debug/Debug.bindings.h Line: 39)

Error in finding 10 Data 
(Filename: ./Runtime/Export/Debug/Debug.bindings.h Line: 39)

Error in finding 11 Data 
(Filename: ./Runtime/Export/Debug/Debug.bindings.h Line: 39)

Error in finding 12 Data 
(Filename: ./Runtime/Export/Debug/Debug.bindings.h Line: 39)

Error in finding 13 Data 
(Filename: ./Runtime/Export/Debug/Debug.bindings.h Line: 39)

Secret Mission Status: 0 
(Filename: ./Runtime/Export/Debug/Debug.bindings.h Line: 39)

Error in finding 14 Data 
(Filename: ./Runtime/Export/Debug/Debug.bindings.h Line: 39)

Error in finding 15 Data 
(Filename: ./Runtime/Export/Debug/Debug.bindings.h Line: 39)

Secret Mission Status: 0 
(Filename: ./Runtime/Export/Debug/Debug.bindings.h Line: 39)

Error in finding 26 Data 
(Filename: ./Runtime/Export/Debug/Debug.bindings.h Line: 39)

Error in finding 27 Data 
(Filename: ./Runtime/Export/Debug/Debug.bindings.h Line: 39)

Error in finding 28 Data 
(Filename: ./Runtime/Export/Debug/Debug.bindings.h Line: 39)

Error in finding 29 Data 
(Filename: ./Runtime/Export/Debug/Debug.bindings.h Line: 39)

Secret Mission Status: 0 
(Filename: ./Runtime/Export/Debug/Debug.bindings.h Line: 39)

Error in finding 30 Data 
(Filename: ./Runtime/Export/Debug/Debug.bindings.h Line: 39)

Error in finding 31 Data 
(Filename: ./Runtime/Export/Debug/Debug.bindings.h Line: 39)

Error in finding 32 Data 
(Filename: ./Runtime/Export/Debug/Debug.bindings.h Line: 39)

Error in finding 33 Data 
(Filename: ./Runtime/Export/Debug/Debug.bindings.h Line: 39)

Secret Mission Status: 0 
(Filename: ./Runtime/Export/Debug/Debug.bindings.h Line: 39)

Error in finding 34 Data 
(Filename: ./Runtime/Export/Debug/Debug.bindings.h Line: 39)

Error in finding 35 Data 
(Filename: ./Runtime/Export/Debug/Debug.bindings.h Line: 39)

Secret Mission Status: 0 
(Filename: ./Runtime/Export/Debug/Debug.bindings.h Line: 39)

Secret Mission Status: 0 
(Filename: ./Runtime/Export/Debug/Debug.bindings.h Line: 39)

Enabling scroll sublist action 
(Filename: ./Runtime/Export/Debug/Debug.bindings.h Line: 39)

(LoadSceneAsync) Loading scene Level 0-2 
(Filename: ./Runtime/Export/Debug/Debug.bindings.h Line: 39)

The referenced script on this Behaviour (Game Object 'Sphere') is missing! 
(Filename:  Line: 334)

The referenced script on this Behaviour (Game Object 'Sphere') is missing! 
(Filename:  Line: 334)

The referenced script on this Behaviour (Game Object 'Sphere') is missing! 
(Filename:  Line: 334)

The referenced script on this Behaviour (Game Object 'Sphere') is missing! 
(Filename:  Line: 334)

The referenced script on this Behaviour (Game Object 'Sphere') is missing! 
(Filename:  Line: 334)

The referenced script on this Behaviour (Game Object 'Sphere') is missing! 
(Filename:  Line: 334)

The referenced script on this Behaviour (Game Object 'Sphere') is missing! 
(Filename:  Line: 334)

The referenced script on this Behaviour (Game Object 'Sphere') is missing! 
(Filename:  Line: 334)

The referenced script on this Behaviour (Game Object 'Sphere') is missing! 
(Filename:  Line: 334)

The referenced script on this Behaviour (Game Object 'Sphere') is missing! 
(Filename:  Line: 334)

The referenced script on this Behaviour (Game Object 'Sphere') is missing! 
(Filename:  Line: 334)

The referenced script on this Behaviour (Game Object 'Sphere') is missing! 
(Filename:  Line: 334)

The referenced script on this Behaviour (Game Object 'Sphere') is missing! 
(Filename:  Line: 334)

The referenced script on this Behaviour (Game Object 'Sphere') is missing! 
(Filename:  Line: 334)

The referenced script on this Behaviour (Game Object 'Sphere') is missing! 
(Filename:  Line: 334)

The referenced script on this Behaviour (Game Object 'Sphere') is missing! 
(Filename:  Line: 334)

The referenced script on this Behaviour (Game Object 'Sphere') is missing! 
(Filename:  Line: 334)

The referenced script on this Behaviour (Game Object 'Sphere') is missing! 
(Filename:  Line: 334)

The referenced script on this Behaviour (Game Object 'Challenge - Title') is missing! 
(Filename:  Line: 334)

The referenced script on this Behaviour (Game Object 'Sphere') is missing! 
(Filename:  Line: 334)

Unloading 1 Unused Serialized files (Serialized files now loaded: 26)
UnloadTime: 73.624246 ms
<color=#5494EE>[Presence]</color> <color=#CCE0FF>Scene loaded: Level 0-2</color> 
(Filename: ./Runtime/Export/Debug/Debug.bindings.h Line: 39)


Unloading 1204 unused Assets to reduce memory usage. Loaded Objects now: 123891.
Total: 119.289491 ms (FindLiveObjects: 3.831889 ms CreateObjectMapping: 2.870224 ms MarkObjects: 111.232862 ms  DeleteObjects: 1.354119 ms)

State pit-falling is already registered 
(Filename: ./Runtime/Export/Debug/Debug.bindings.h Line: 39)

The referenced script on this Behaviour (Game Object '<null>') is missing! 
(Filename:  Line: 334)

The referenced script on this Behaviour (Game Object '<null>') is missing! 
(Filename:  Line: 334)

The referenced script on this Behaviour (Game Object '<null>') is missing! 
(Filename:  Line: 334)

The referenced script on this Behaviour (Game Object '<null>') is missing! 
(Filename:  Line: 334)

The referenced script on this Behaviour (Game Object 'Sphere') is missing! 
(Filename:  Line: 334)

The referenced script on this Behaviour (Game Object 'Sphere') is missing! 
(Filename:  Line: 334)

The referenced script on this Behaviour (Game Object 'Sphere') is missing! 
(Filename:  Line: 334)

The referenced script on this Behaviour (Game Object 'Sphere') is missing! 
(Filename:  Line: 334)

The referenced script on this Behaviour (Game Object 'Sphere') is missing! 
(Filename:  Line: 334)

The referenced script on this Behaviour (Game Object 'Sphere') is missing! 
(Filename:  Line: 334)

The referenced script on this Behaviour (Game Object 'Sphere') is missing! 
(Filename:  Line: 334)

The referenced script on this Behaviour (Game Object 'Sphere') is missing! 
(Filename:  Line: 334)

Tried to pop state pit-falling, but it was not registered 
(Filename: ./Runtime/Export/Debug/Debug.bindings.h Line: 39)

The referenced script on this Behaviour (Game Object 'Sphere') is missing! 
(Filename:  Line: 334)

The referenced script on this Behaviour (Game Object 'Sphere') is missing! 
(Filename:  Line: 334)

The referenced script on this Behaviour (Game Object 'Sphere') is missing! 
(Filename:  Line: 334)

The referenced script on this Behaviour (Game Object 'Sphere') is missing! 
(Filename:  Line: 334)

The referenced script on this Behaviour (Game Object 'Sphere') is missing! 
(Filename:  Line: 334)

The referenced script on this Behaviour (Game Object 'Sphere') is missing! 
(Filename:  Line: 334)

The referenced script on this Behaviour (Game Object 'Sphere') is missing! 
(Filename:  Line: 334)

The referenced script on this Behaviour (Game Object 'Sphere') is missing! 
(Filename:  Line: 334)

The referenced script on this Behaviour (Game Object 'Sphere') is missing! 
(Filename:  Line: 334)

The referenced script on this Behaviour (Game Object 'Sphere') is missing! 
(Filename:  Line: 334)

The referenced script on this Behaviour (Game Object 'Sphere') is missing! 
(Filename:  Line: 334)

The referenced script on this Behaviour (Game Object 'Sphere') is missing! 
(Filename:  Line: 334)

The referenced script on this Behaviour (Game Object 'Sphere') is missing! 
(Filename:  Line: 334)

The referenced script on this Behaviour (Game Object 'Sphere') is missing! 
(Filename:  Line: 334)

The referenced script on this Behaviour (Game Object 'Sphere') is missing! 
(Filename:  Line: 334)

The referenced script on this Behaviour (Game Object 'Sphere') is missing! 
(Filename:  Line: 334)

The referenced script on this Behaviour (Game Object 'Sphere') is missing! 
(Filename:  Line: 334)

The referenced script on this Behaviour (Game Object 'Sphere') is missing! 
(Filename:  Line: 334)

The referenced script on this Behaviour (Game Object 'Challenge - Title') is missing! 
(Filename:  Line: 334)

The referenced script on this Behaviour (Game Object 'Sphere') is missing! 
(Filename:  Line: 334)

Unloading 1 Unused Serialized files (Serialized files now loaded: 24)
UnloadTime: 97.387636 ms
<color=#5494EE>[Presence]</color> <color=#CCE0FF>Scene loaded: Level 0-2</color> 
(Filename: ./Runtime/Export/Debug/Debug.bindings.h Line: 39)

The referenced script on this Behaviour (Game Object '<null>') is missing! 
(Filename:  Line: 334)

The referenced script on this Behaviour (Game Object '<null>') is missing! 
(Filename:  Line: 334)

The referenced script on this Behaviour (Game Object '<null>') is missing! 
(Filename:  Line: 334)

The referenced script on this Behaviour (Game Object '<null>') is missing! 
(Filename:  Line: 334)

The referenced script on this Behaviour (Game Object 'Sphere') is missing! 
(Filename:  Line: 334)

The referenced script on this Behaviour (Game Object 'Sphere') is missing! 
(Filename:  Line: 334)

The referenced script on this Behaviour (Game Object 'Sphere') is missing! 
(Filename:  Line: 334)

The referenced script on this Behaviour (Game Object 'Sphere') is missing! 
(Filename:  Line: 334)

The referenced script on this Behaviour (Game Object 'Sphere') is missing! 
(Filename:  Line: 334)

The referenced script on this Behaviour (Game Object 'Sphere') is missing! 
(Filename:  Line: 334)

The referenced script on this Behaviour (Game Object 'Sphere') is missing! 
(Filename:  Line: 334)

The referenced script on this Behaviour (Game Object 'Sphere') is missing! 
(Filename:  Line: 334)


Unloading 1236 unused Assets to reduce memory usage. Loaded Objects now: 157917.
Total: 168.546496 ms (FindLiveObjects: 8.458484 ms CreateObjectMapping: 3.381609 ms MarkObjects: 153.692529 ms  DeleteObjects: 3.013040 ms)

The referenced script on this Behaviour (Game Object 'Sphere') is missing! 
(Filename:  Line: 334)

The referenced script on this Behaviour (Game Object 'Sphere') is missing! 
(Filename:  Line: 334)

The referenced script on this Behaviour (Game Object 'Sphere') is missing! 
(Filename:  Line: 334)

The referenced script on this Behaviour (Game Object 'Sphere') is missing! 
(Filename:  Line: 334)

The referenced script on this Behaviour (Game Object 'Sphere') is missing! 
(Filename:  Line: 334)

The referenced script on this Behaviour (Game Object 'Sphere') is missing! 
(Filename:  Line: 334)

The referenced script on this Behaviour (Game Object 'Sphere') is missing! 
(Filename:  Line: 334)

The referenced script on this Behaviour (Game Object 'Sphere') is missing! 
(Filename:  Line: 334)

The referenced script on this Behaviour (Game Object 'Sphere') is missing! 
(Filename:  Line: 334)

The referenced script on this Behaviour (Game Object 'Sphere') is missing! 
(Filename:  Line: 334)

The referenced script on this Behaviour (Game Object 'Sphere') is missing! 
(Filename:  Line: 334)

The referenced script on this Behaviour (Game Object 'Sphere') is missing! 
(Filename:  Line: 334)

The referenced script on this Behaviour (Game Object 'Sphere') is missing! 
(Filename:  Line: 334)

The referenced script on this Behaviour (Game Object 'Sphere') is missing! 
(Filename:  Line: 334)

The referenced script on this Behaviour (Game Object 'Sphere') is missing! 
(Filename:  Line: 334)

The referenced script on this Behaviour (Game Object 'Sphere') is missing! 
(Filename:  Line: 334)

The referenced script on this Behaviour (Game Object 'Sphere') is missing! 
(Filename:  Line: 334)

The referenced script on this Behaviour (Game Object 'Sphere') is missing! 
(Filename:  Line: 334)

The referenced script on this Behaviour (Game Object 'Challenge - Title') is missing! 
(Filename:  Line: 334)

The referenced script on this Behaviour (Game Object 'Sphere') is missing! 
(Filename:  Line: 334)

Unloading 1 Unused Serialized files (Serialized files now loaded: 24)
UnloadTime: 85.556676 ms
<color=#5494EE>[Presence]</color> <color=#CCE0FF>Scene loaded: Level 0-2</color> 
(Filename: ./Runtime/Export/Debug/Debug.bindings.h Line: 39)

The referenced script on this Behaviour (Game Object '<null>') is missing! 
(Filename:  Line: 334)

The referenced script on this Behaviour (Game Object '<null>') is missing! 
(Filename:  Line: 334)

The referenced script on this Behaviour (Game Object '<null>') is missing! 
(Filename:  Line: 334)

The referenced script on this Behaviour (Game Object '<null>') is missing! 
(Filename:  Line: 334)

The referenced script on this Behaviour (Game Object 'Sphere') is missing! 
(Filename:  Line: 334)

The referenced script on this Behaviour (Game Object 'Sphere') is missing! 
(Filename:  Line: 334)

The referenced script on this Behaviour (Game Object 'Sphere') is missing! 
(Filename:  Line: 334)

The referenced script on this Behaviour (Game Object 'Sphere') is missing! 
(Filename:  Line: 334)

The referenced script on this Behaviour (Game Object 'Sphere') is missing! 
(Filename:  Line: 334)

The referenced script on this Behaviour (Game Object 'Sphere') is missing! 
(Filename:  Line: 334)

The referenced script on this Behaviour (Game Object 'Sphere') is missing! 
(Filename:  Line: 334)

The referenced script on this Behaviour (Game Object 'Sphere') is missing! 
(Filename:  Line: 334)


Unloading 849 unused Assets to reduce memory usage. Loaded Objects now: 157914.
Total: 169.543529 ms (FindLiveObjects: 8.578234 ms CreateObjectMapping: 4.438684 ms MarkObjects: 153.900323 ms  DeleteObjects: 2.625534 ms)

The referenced script on this Behaviour (Game Object 'Sphere') is missing! 
(Filename:  Line: 334)

The referenced script on this Behaviour (Game Object 'Sphere') is missing! 
(Filename:  Line: 334)

The referenced script on this Behaviour (Game Object 'Sphere') is missing! 
(Filename:  Line: 334)

The referenced script on this Behaviour (Game Object 'Sphere') is missing! 
(Filename:  Line: 334)

The referenced script on this Behaviour (Game Object 'Sphere') is missing! 
(Filename:  Line: 334)

The referenced script on this Behaviour (Game Object 'Sphere') is missing! 
(Filename:  Line: 334)

The referenced script on this Behaviour (Game Object 'Sphere') is missing! 
(Filename:  Line: 334)

The referenced script on this Behaviour (Game Object 'Sphere') is missing! 
(Filename:  Line: 334)

The referenced script on this Behaviour (Game Object 'Sphere') is missing! 
(Filename:  Line: 334)

The referenced script on this Behaviour (Game Object 'Sphere') is missing! 
(Filename:  Line: 334)

The referenced script on this Behaviour (Game Object 'Sphere') is missing! 
(Filename:  Line: 334)

The referenced script on this Behaviour (Game Object 'Sphere') is missing! 
(Filename:  Line: 334)

The referenced script on this Behaviour (Game Object 'Sphere') is missing! 
(Filename:  Line: 334)

The referenced script on this Behaviour (Game Object 'Sphere') is missing! 
(Filename:  Line: 334)

The referenced script on this Behaviour (Game Object 'Sphere') is missing! 
(Filename:  Line: 334)

The referenced script on this Behaviour (Game Object 'Sphere') is missing! 
(Filename:  Line: 334)

The referenced script on this Behaviour (Game Object 'Sphere') is missing! 
(Filename:  Line: 334)

The referenced script on this Behaviour (Game Object 'Sphere') is missing! 
(Filename:  Line: 334)

The referenced script on this Behaviour (Game Object 'Challenge - Title') is missing! 
(Filename:  Line: 334)

The referenced script on this Behaviour (Game Object 'Sphere') is missing! 
(Filename:  Line: 334)

Unloading 1 Unused Serialized files (Serialized files now loaded: 24)
UnloadTime: 94.149140 ms
<color=#5494EE>[Presence]</color> <color=#CCE0FF>Scene loaded: Level 0-2</color> 
(Filename: ./Runtime/Export/Debug/Debug.bindings.h Line: 39)

The referenced script on this Behaviour (Game Object '<null>') is missing! 
(Filename:  Line: 334)

The referenced script on this Behaviour (Game Object '<null>') is missing! 
(Filename:  Line: 334)

The referenced script on this Behaviour (Game Object '<null>') is missing! 
(Filename:  Line: 334)

The referenced script on this Behaviour (Game Object '<null>') is missing! 
(Filename:  Line: 334)

The referenced script on this Behaviour (Game Object 'Sphere') is missing! 
(Filename:  Line: 334)

The referenced script on this Behaviour (Game Object 'Sphere') is missing! 
(Filename:  Line: 334)

The referenced script on this Behaviour (Game Object 'Sphere') is missing! 
(Filename:  Line: 334)

The referenced script on this Behaviour (Game Object 'Sphere') is missing! 
(Filename:  Line: 334)

The referenced script on this Behaviour (Game Object 'Sphere') is missing! 
(Filename:  Line: 334)

The referenced script on this Behaviour (Game Object 'Sphere') is missing! 
(Filename:  Line: 334)

The referenced script on this Behaviour (Game Object 'Sphere') is missing! 
(Filename:  Line: 334)

The referenced script on this Behaviour (Game Object 'Sphere') is missing! 
(Filename:  Line: 334)


Unloading 935 unused Assets to reduce memory usage. Loaded Objects now: 157905.
Total: 169.648763 ms (FindLiveObjects: 8.393967 ms CreateObjectMapping: 3.549852 ms MarkObjects: 154.798076 ms  DeleteObjects: 2.906012 ms)

The referenced script on this Behaviour (Game Object 'Sphere') is missing! 
(Filename:  Line: 334)

The referenced script on this Behaviour (Game Object 'Sphere') is missing! 
(Filename:  Line: 334)

The referenced script on this Behaviour (Game Object 'Sphere') is missing! 
(Filename:  Line: 334)

The referenced script on this Behaviour (Game Object 'Sphere') is missing! 
(Filename:  Line: 334)

The referenced script on this Behaviour (Game Object 'Sphere') is missing! 
(Filename:  Line: 334)

The referenced script on this Behaviour (Game Object 'Sphere') is missing! 
(Filename:  Line: 334)

The referenced script on this Behaviour (Game Object 'Sphere') is missing! 
(Filename:  Line: 334)

The referenced script on this Behaviour (Game Object 'Sphere') is missing! 
(Filename:  Line: 334)

The referenced script on this Behaviour (Game Object 'Sphere') is missing! 
(Filename:  Line: 334)

The referenced script on this Behaviour (Game Object 'Sphere') is missing! 
(Filename:  Line: 334)

The referenced script on this Behaviour (Game Object 'Sphere') is missing! 
(Filename:  Line: 334)

The referenced script on this Behaviour (Game Object 'Sphere') is missing! 
(Filename:  Line: 334)

The referenced script on this Behaviour (Game Object 'Sphere') is missing! 
(Filename:  Line: 334)

The referenced script on this Behaviour (Game Object 'Sphere') is missing! 
(Filename:  Line: 334)

The referenced script on this Behaviour (Game Object 'Sphere') is missing! 
(Filename:  Line: 334)

The referenced script on this Behaviour (Game Object 'Sphere') is missing! 
(Filename:  Line: 334)

The referenced script on this Behaviour (Game Object 'Sphere') is missing! 
(Filename:  Line: 334)

The referenced script on this Behaviour (Game Object 'Sphere') is missing! 
(Filename:  Line: 334)

The referenced script on this Behaviour (Game Object 'Challenge - Title') is missing! 
(Filename:  Line: 334)

The referenced script on this Behaviour (Game Object 'Sphere') is missing! 
(Filename:  Line: 334)

Unloading 1 Unused Serialized files (Serialized files now loaded: 24)
UnloadTime: 97.461011 ms
<color=#5494EE>[Presence]</color> <color=#CCE0FF>Scene loaded: Level 0-2</color> 
(Filename: ./Runtime/Export/Debug/Debug.bindings.h Line: 39)

The referenced script on this Behaviour (Game Object '<null>') is missing! 
(Filename:  Line: 334)

The referenced script on this Behaviour (Game Object '<null>') is missing! 
(Filename:  Line: 334)

The referenced script on this Behaviour (Game Object '<null>') is missing! 
(Filename:  Line: 334)

The referenced script on this Behaviour (Game Object '<null>') is missing! 
(Filename:  Line: 334)

The referenced script on this Behaviour (Game Object 'Sphere') is missing! 
(Filename:  Line: 334)

The referenced script on this Behaviour (Game Object 'Sphere') is missing! 
(Filename:  Line: 334)

The referenced script on this Behaviour (Game Object 'Sphere') is missing! 
(Filename:  Line: 334)

The referenced script on this Behaviour (Game Object 'Sphere') is missing! 
(Filename:  Line: 334)

The referenced script on this Behaviour (Game Object 'Sphere') is missing! 
(Filename:  Line: 334)

The referenced script on this Behaviour (Game Object 'Sphere') is missing! 
(Filename:  Line: 334)

The referenced script on this Behaviour (Game Object 'Sphere') is missing! 
(Filename:  Line: 334)

The referenced script on this Behaviour (Game Object 'Sphere') is missing! 
(Filename:  Line: 334)


Unloading 902 unused Assets to reduce memory usage. Loaded Objects now: 157912.
Total: 173.590828 ms (FindLiveObjects: 8.443123 ms CreateObjectMapping: 3.614774 ms MarkObjects: 158.580035 ms  DeleteObjects: 2.952223 ms)

The referenced script on this Behaviour (Game Object 'Sphere') is missing! 
(Filename:  Line: 334)

The referenced script on this Behaviour (Game Object 'Sphere') is missing! 
(Filename:  Line: 334)

The referenced script on this Behaviour (Game Object 'Sphere') is missing! 
(Filename:  Line: 334)

The referenced script on this Behaviour (Game Object 'Sphere') is missing! 
(Filename:  Line: 334)

The referenced script on this Behaviour (Game Object 'Sphere') is missing! 
(Filename:  Line: 334)

The referenced script on this Behaviour (Game Object 'Sphere') is missing! 
(Filename:  Line: 334)

The referenced script on this Behaviour (Game Object 'Sphere') is missing! 
(Filename:  Line: 334)

The referenced script on this Behaviour (Game Object 'Sphere') is missing! 
(Filename:  Line: 334)

The referenced script on this Behaviour (Game Object 'Sphere') is missing! 
(Filename:  Line: 334)

The referenced script on this Behaviour (Game Object 'Sphere') is missing! 
(Filename:  Line: 334)

The referenced script on this Behaviour (Game Object 'Sphere') is missing! 
(Filename:  Line: 334)

The referenced script on this Behaviour (Game Object 'Sphere') is missing! 
(Filename:  Line: 334)

The referenced script on this Behaviour (Game Object 'Sphere') is missing! 
(Filename:  Line: 334)

The referenced script on this Behaviour (Game Object 'Sphere') is missing! 
(Filename:  Line: 334)

The referenced script on this Behaviour (Game Object 'Sphere') is missing! 
(Filename:  Line: 334)

The referenced script on this Behaviour (Game Object 'Sphere') is missing! 
(Filename:  Line: 334)

The referenced script on this Behaviour (Game Object 'Sphere') is missing! 
(Filename:  Line: 334)

The referenced script on this Behaviour (Game Object 'Sphere') is missing! 
(Filename:  Line: 334)

The referenced script on this Behaviour (Game Object 'Challenge - Title') is missing! 
(Filename:  Line: 334)

The referenced script on this Behaviour (Game Object 'Sphere') is missing! 
(Filename:  Line: 334)

Unloading 1 Unused Serialized files (Serialized files now loaded: 24)
UnloadTime: 87.556017 ms
<color=#5494EE>[Presence]</color> <color=#CCE0FF>Scene loaded: Level 0-2</color> 
(Filename: ./Runtime/Export/Debug/Debug.bindings.h Line: 39)

The referenced script on this Behaviour (Game Object '<null>') is missing! 
(Filename:  Line: 334)

The referenced script on this Behaviour (Game Object '<null>') is missing! 
(Filename:  Line: 334)

The referenced script on this Behaviour (Game Object '<null>') is missing! 
(Filename:  Line: 334)

The referenced script on this Behaviour (Game Object '<null>') is missing! 
(Filename:  Line: 334)

The referenced script on this Behaviour (Game Object 'Sphere') is missing! 
(Filename:  Line: 334)

The referenced script on this Behaviour (Game Object 'Sphere') is missing! 
(Filename:  Line: 334)

The referenced script on this Behaviour (Game Object 'Sphere') is missing! 
(Filename:  Line: 334)

The referenced script on this Behaviour (Game Object 'Sphere') is missing! 
(Filename:  Line: 334)

The referenced script on this Behaviour (Game Object 'Sphere') is missing! 
(Filename:  Line: 334)

The referenced script on this Behaviour (Game Object 'Sphere') is missing! 
(Filename:  Line: 334)

The referenced script on this Behaviour (Game Object 'Sphere') is missing! 
(Filename:  Line: 334)

The referenced script on this Behaviour (Game Object 'Sphere') is missing! 
(Filename:  Line: 334)


Unloading 837 unused Assets to reduce memory usage. Loaded Objects now: 157900.
Total: 177.936982 ms (FindLiveObjects: 8.630546 ms CreateObjectMapping: 3.396742 ms MarkObjects: 163.571136 ms  DeleteObjects: 2.338035 ms)

The referenced script on this Behaviour (Game Object 'Sphere') is missing! 
(Filename:  Line: 334)

The referenced script on this Behaviour (Game Object 'Sphere') is missing! 
(Filename:  Line: 334)

The referenced script on this Behaviour (Game Object 'Sphere') is missing! 
(Filename:  Line: 334)

The referenced script on this Behaviour (Game Object 'Sphere') is missing! 
(Filename:  Line: 334)

The referenced script on this Behaviour (Game Object 'Sphere') is missing! 
(Filename:  Line: 334)

The referenced script on this Behaviour (Game Object 'Sphere') is missing! 
(Filename:  Line: 334)

The referenced script on this Behaviour (Game Object 'Sphere') is missing! 
(Filename:  Line: 334)

The referenced script on this Behaviour (Game Object 'Sphere') is missing! 
(Filename:  Line: 334)

The referenced script on this Behaviour (Game Object 'Sphere') is missing! 
(Filename:  Line: 334)

The referenced script on this Behaviour (Game Object 'Sphere') is missing! 
(Filename:  Line: 334)

The referenced script on this Behaviour (Game Object 'Sphere') is missing! 
(Filename:  Line: 334)

The referenced script on this Behaviour (Game Object 'Sphere') is missing! 
(Filename:  Line: 334)

The referenced script on this Behaviour (Game Object 'Sphere') is missing! 
(Filename:  Line: 334)

The referenced script on this Behaviour (Game Object 'Sphere') is missing! 
(Filename:  Line: 334)

The referenced script on this Behaviour (Game Object 'Sphere') is missing! 
(Filename:  Line: 334)

The referenced script on this Behaviour (Game Object 'Sphere') is missing! 
(Filename:  Line: 334)

The referenced script on this Behaviour (Game Object 'Sphere') is missing! 
(Filename:  Line: 334)

The referenced script on this Behaviour (Game Object 'Sphere') is missing! 
(Filename:  Line: 334)

The referenced script on this Behaviour (Game Object 'Challenge - Title') is missing! 
(Filename:  Line: 334)

The referenced script on this Behaviour (Game Object 'Sphere') is missing! 
(Filename:  Line: 334)

Unloading 1 Unused Serialized files (Serialized files now loaded: 24)
UnloadTime: 94.444872 ms
<color=#5494EE>[Presence]</color> <color=#CCE0FF>Scene loaded: Level 0-2</color> 
(Filename: ./Runtime/Export/Debug/Debug.bindings.h Line: 39)

The referenced script on this Behaviour (Game Object '<null>') is missing! 
(Filename:  Line: 334)

The referenced script on this Behaviour (Game Object '<null>') is missing! 
(Filename:  Line: 334)

The referenced script on this Behaviour (Game Object '<null>') is missing! 
(Filename:  Line: 334)

The referenced script on this Behaviour (Game Object '<null>') is missing! 
(Filename:  Line: 334)

The referenced script on this Behaviour (Game Object 'Sphere') is missing! 
(Filename:  Line: 334)

The referenced script on this Behaviour (Game Object 'Sphere') is missing! 
(Filename:  Line: 334)

The referenced script on this Behaviour (Game Object 'Sphere') is missing! 
(Filename:  Line: 334)

The referenced script on this Behaviour (Game Object 'Sphere') is missing! 
(Filename:  Line: 334)

The referenced script on this Behaviour (Game Object 'Sphere') is missing! 
(Filename:  Line: 334)

The referenced script on this Behaviour (Game Object 'Sphere') is missing! 
(Filename:  Line: 334)

The referenced script on this Behaviour (Game Object 'Sphere') is missing! 
(Filename:  Line: 334)

The referenced script on this Behaviour (Game Object 'Sphere') is missing! 
(Filename:  Line: 334)


Unloading 890 unused Assets to reduce memory usage. Loaded Objects now: 157916.
Total: 176.831455 ms (FindLiveObjects: 8.914438 ms CreateObjectMapping: 3.370516 ms MarkObjects: 161.901388 ms  DeleteObjects: 2.644340 ms)

Order in WeaponOrderController: 1234 
(Filename: ./Runtime/Export/Debug/Debug.bindings.h Line: 39)

Order in WeaponOrderController: 1234 
(Filename: ./Runtime/Export/Debug/Debug.bindings.h Line: 39)

Order in WeaponOrderController: 1234 
(Filename: ./Runtime/Export/Debug/Debug.bindings.h Line: 39)

Order in WeaponOrderController: 1234 
(Filename: ./Runtime/Export/Debug/Debug.bindings.h Line: 39)

(LoadSceneAsync) Loading scene uk_construct 
(Filename: ./Runtime/Export/Debug/Debug.bindings.h Line: 39)

Unloading 1 Unused Serialized files (Serialized files now loaded: 26)
UnloadTime: 94.840827 ms
<color=#5494EE>[Presence]</color> <color=#CCE0FF>Scene loaded: uk_construct</color> 
(Filename: ./Runtime/Export/Debug/Debug.bindings.h Line: 39)

<color=#5494EE>[Presence]</color> <color=#CCE0FF>Starting sandbox time tracking</color> 
(Filename: ./Runtime/Export/Debug/Debug.bindings.h Line: 39)

<color=#E286AA>[SandboxArm]</color> <color=#FFE7EF>Setting arm mode to MoveHand</color> 
(Filename: ./Runtime/Export/Debug/Debug.bindings.h Line: 39)

<color=#E286AA>[SandboxArm]</color> <color=#FFE7EF>Setting Arm Mode to: Sandbox.Arm.MoveMode</color> 
(Filename: ./Runtime/Export/Debug/Debug.bindings.h Line: 39)

Can not play a disabled audio source 
(Filename:  Line: 454)

<color=#E286AA>[SandboxArm]</color> <color=#FFE7EF>Reloading arm icon</color> 
(Filename: ./Runtime/Export/Debug/Debug.bindings.h Line: 39)

<color=#E286AA>[SandboxArm]</color> <color=#FFE7EF>Setting arm mode to AlterHand</color> 
(Filename: ./Runtime/Export/Debug/Debug.bindings.h Line: 39)

<color=#E286AA>[SandboxArm]</color> <color=#FFE7EF>Setting Arm Mode to: Sandbox.Arm.AlterMode</color> 
(Filename: ./Runtime/Export/Debug/Debug.bindings.h Line: 39)

Can not play a disabled audio source 
(Filename:  Line: 454)

<color=#E286AA>[SandboxArm]</color> <color=#FFE7EF>Reloading arm icon</color> 
(Filename: ./Runtime/Export/Debug/Debug.bindings.h Line: 39)

<color=#E286AA>[SandboxArm]</color> <color=#FFE7EF>Setting arm mode to DestroyHand</color> 
(Filename: ./Runtime/Export/Debug/Debug.bindings.h Line: 39)

<color=#E286AA>[SandboxArm]</color> <color=#FFE7EF>Setting Arm Mode to: Sandbox.Arm.DestroyMode</color> 
(Filename: ./Runtime/Export/Debug/Debug.bindings.h Line: 39)

Can not play a disabled audio source 
(Filename:  Line: 454)

<color=#E286AA>[SandboxArm]</color> <color=#FFE7EF>Reloading arm icon</color> 
(Filename: ./Runtime/Export/Debug/Debug.bindings.h Line: 39)

<color=#E286AA>[SandboxArm]</color> <color=#FFE7EF>Setting arm mode to Prop</color> 
(Filename: ./Runtime/Export/Debug/Debug.bindings.h Line: 39)

<color=#E286AA>[SandboxArm]</color> <color=#FFE7EF>Setting Arm Mode to: Sandbox.Arm.PlaceMode</color> 
(Filename: ./Runtime/Export/Debug/Debug.bindings.h Line: 39)

Can not play a disabled audio source 
(Filename:  Line: 454)

<color=#E286AA>[SandboxArm]</color> <color=#FFE7EF>Reloading arm icon</color> 
(Filename: ./Runtime/Export/Debug/Debug.bindings.h Line: 39)


Unloading 1055 unused Assets to reduce memory usage. Loaded Objects now: 97822.
Total: 165.102755 ms (FindLiveObjects: 5.270532 ms CreateObjectMapping: 2.867831 ms MarkObjects: 151.988336 ms  DeleteObjects: 4.975130 ms)

<color=#E286AA>[SandboxArm]</color> <color=#FFE7EF>Setting arm mode to Prop</color> 
(Filename: ./Runtime/Export/Debug/Debug.bindings.h Line: 39)

<color=#E286AA>[SandboxArm]</color> <color=#FFE7EF>Setting Arm Mode to: Sandbox.Arm.PlaceMode</color> 
(Filename: ./Runtime/Export/Debug/Debug.bindings.h Line: 39)

<color=#E286AA>[SandboxArm]</color> <color=#FFE7EF>Reloading arm icon</color> 
(Filename: ./Runtime/Export/Debug/Debug.bindings.h Line: 39)

<color=#E286AA>[SandboxArm]</color> <color=#FFE7EF>Setting arm mode to Prop</color> 
(Filename: ./Runtime/Export/Debug/Debug.bindings.h Line: 39)

<color=#E286AA>[SandboxArm]</color> <color=#FFE7EF>Setting Arm Mode to: Sandbox.Arm.PlaceMode</color> 
(Filename: ./Runtime/Export/Debug/Debug.bindings.h Line: 39)

<color=#E286AA>[SandboxArm]</color> <color=#FFE7EF>Reloading arm icon</color> 
(Filename: ./Runtime/Export/Debug/Debug.bindings.h Line: 39)

<color=#E286AA>[SandboxArm]</color> <color=#FFE7EF>Setting arm mode to Prop</color> 
(Filename: ./Runtime/Export/Debug/Debug.bindings.h Line: 39)

<color=#E286AA>[SandboxArm]</color> <color=#FFE7EF>Setting Arm Mode to: Sandbox.Arm.PlaceMode</color> 
(Filename: ./Runtime/Export/Debug/Debug.bindings.h Line: 39)

<color=#E286AA>[SandboxArm]</color> <color=#FFE7EF>Reloading arm icon</color> 
(Filename: ./Runtime/Export/Debug/Debug.bindings.h Line: 39)

<color=#E286AA>[SandboxArm]</color> <color=#FFE7EF>Setting arm mode to Prop</color> 
(Filename: ./Runtime/Export/Debug/Debug.bindings.h Line: 39)

<color=#E286AA>[SandboxArm]</color> <color=#FFE7EF>Setting Arm Mode to: Sandbox.Arm.PlaceMode</color> 
(Filename: ./Runtime/Export/Debug/Debug.bindings.h Line: 39)

<color=#E286AA>[SandboxArm]</color> <color=#FFE7EF>Reloading arm icon</color> 
(Filename: ./Runtime/Export/Debug/Debug.bindings.h Line: 39)

<color=#E286AA>[SandboxArm]</color> <color=#FFE7EF>Setting arm mode to Prop</color> 
(Filename: ./Runtime/Export/Debug/Debug.bindings.h Line: 39)

<color=#E286AA>[SandboxArm]</color> <color=#FFE7EF>Setting Arm Mode to: Sandbox.Arm.PlaceMode</color> 
(Filename: ./Runtime/Export/Debug/Debug.bindings.h Line: 39)

<color=#E286AA>[SandboxArm]</color> <color=#FFE7EF>Reloading arm icon</color> 
(Filename: ./Runtime/Export/Debug/Debug.bindings.h Line: 39)

<color=#E286AA>[SandboxArm]</color> <color=#FFE7EF>Setting arm mode to Prop</color> 
(Filename: ./Runtime/Export/Debug/Debug.bindings.h Line: 39)

<color=#E286AA>[SandboxArm]</color> <color=#FFE7EF>Setting Arm Mode to: Sandbox.Arm.PlaceMode</color> 
(Filename: ./Runtime/Export/Debug/Debug.bindings.h Line: 39)

<color=#E286AA>[SandboxArm]</color> <color=#FFE7EF>Reloading arm icon</color> 
(Filename: ./Runtime/Export/Debug/Debug.bindings.h Line: 39)

<color=#E286AA>[SandboxArm]</color> <color=#FFE7EF>Setting arm mode to Prop</color> 
(Filename: ./Runtime/Export/Debug/Debug.bindings.h Line: 39)

<color=#E286AA>[SandboxArm]</color> <color=#FFE7EF>Setting Arm Mode to: Sandbox.Arm.PlaceMode</color> 
(Filename: ./Runtime/Export/Debug/Debug.bindings.h Line: 39)

<color=#E286AA>[SandboxArm]</color> <color=#FFE7EF>Reloading arm icon</color> 
(Filename: ./Runtime/Export/Debug/Debug.bindings.h Line: 39)

<color=#E286AA>[SandboxArm]</color> <color=#FFE7EF>Setting arm mode to BuildHand</color> 
(Filename: ./Runtime/Export/Debug/Debug.bindings.h Line: 39)

<color=#E286AA>[SandboxArm]</color> <color=#FFE7EF>Setting Arm Mode to: Sandbox.Arm.BuildMode</color> 
(Filename: ./Runtime/Export/Debug/Debug.bindings.h Line: 39)

<color=#E286AA>[SandboxArm]</color> <color=#FFE7EF>Reloading arm icon</color> 
(Filename: ./Runtime/Export/Debug/Debug.bindings.h Line: 39)

Creating block (4.4, 5.2, 2.0) 
(Filename: ./Runtime/Export/Debug/Debug.bindings.h Line: 39)

Creating block (4.4, 5.2, 2.0) 
(Filename: ./Runtime/Export/Debug/Debug.bindings.h Line: 39)

Creating block (5.8, 1.1, 2.8) 
(Filename: ./Runtime/Export/Debug/Debug.bindings.h Line: 39)

<color=#E286AA>[SandboxArm]</color> <color=#FFE7EF>Setting arm mode to DestroyHand</color> 
(Filename: ./Runtime/Export/Debug/Debug.bindings.h Line: 39)

<color=#E286AA>[SandboxArm]</color> <color=#FFE7EF>Setting Arm Mode to: Sandbox.Arm.DestroyMode</color> 
(Filename: ./Runtime/Export/Debug/Debug.bindings.h Line: 39)

<color=#E286AA>[SandboxArm]</color> <color=#FFE7EF>Reloading arm icon</color> 
(Filename: ./Runtime/Export/Debug/Debug.bindings.h Line: 39)

<color=#E286AA>[SandboxArm]</color> <color=#FFE7EF>Setting arm mode to DestroyHand</color> 
(Filename: ./Runtime/Export/Debug/Debug.bindings.h Line: 39)

<color=#E286AA>[SandboxArm]</color> <color=#FFE7EF>Setting Arm Mode to: Sandbox.Arm.DestroyMode</color> 
(Filename: ./Runtime/Export/Debug/Debug.bindings.h Line: 39)

<color=#E286AA>[SandboxArm]</color> <color=#FFE7EF>Reloading arm icon</color> 
(Filename: ./Runtime/Export/Debug/Debug.bindings.h Line: 39)

Creating block (1.5, 4.8, 13.8) 
(Filename: ./Runtime/Export/Debug/Debug.bindings.h Line: 39)

<color=#CD8582>[CheatsController]</color> <color=#F0E0E0>Paused</color> 
(Filename: ./Runtime/Export/Debug/Debug.bindings.h Line: 39)

<color=#4AE34A>[AlterMode]</color> <color=#CCFFCC>Opening prop Procedural Invisible Cube Variant(Clone) (BrushBlock)</color> 
(Filename: ./Runtime/Export/Debug/Debug.bindings.h Line: 39)

<color=#65E047>[SandboxAlterMenu]</color> <color=#DCFFCC>Showing Sandbox Alter Menu for Procedural Invisible Cube Variant(Clone)</color> 
(Filename: ./Runtime/Export/Debug/Debug.bindings.h Line: 39)

<color=#65E047>[SandboxAlterMenu]</color> <color=#DCFFCC>Closing Alter Menu</color> 
(Filename: ./Runtime/Export/Debug/Debug.bindings.h Line: 39)

<color=#CD8582>[CheatsController]</color> <color=#F0E0E0>Paused</color> 
(Filename: ./Runtime/Export/Debug/Debug.bindings.h Line: 39)

<color=#4AE34A>[SandboxNavmesh]</color> <color=#CCFFCC>Navmesh built</color> 
(Filename: ./Runtime/Export/Debug/Debug.bindings.h Line: 39)

<color=#E286AA>[SandboxArm]</color> <color=#FFE7EF>Setting arm mode to Prop</color> 
(Filename: ./Runtime/Export/Debug/Debug.bindings.h Line: 39)

<color=#E286AA>[SandboxArm]</color> <color=#FFE7EF>Setting Arm Mode to: Sandbox.Arm.PlaceMode</color> 
(Filename: ./Runtime/Export/Debug/Debug.bindings.h Line: 39)

<color=#E286AA>[SandboxArm]</color> <color=#FFE7EF>Reloading arm icon</color> 
(Filename: ./Runtime/Export/Debug/Debug.bindings.h Line: 39)

<color=#E286AA>[SandboxArm]</color> <color=#FFE7EF>Setting arm mode to SimpleSpawn</color> 
(Filename: ./Runtime/Export/Debug/Debug.bindings.h Line: 39)

<color=#E286AA>[SandboxArm]</color> <color=#FFE7EF>Setting Arm Mode to: Sandbox.Arm.PlaceMode</color> 
(Filename: ./Runtime/Export/Debug/Debug.bindings.h Line: 39)

<color=#E286AA>[SandboxArm]</color> <color=#FFE7EF>Reloading arm icon</color> 
(Filename: ./Runtime/Export/Debug/Debug.bindings.h Line: 39)

<color=#CD8582>[CheatsController]</color> <color=#F0E0E0>Paused</color> 
(Filename: ./Runtime/Export/Debug/Debug.bindings.h Line: 39)

<color=#CD8582>[CheatsController]</color> <color=#F0E0E0>Paused</color> 
(Filename: ./Runtime/Export/Debug/Debug.bindings.h Line: 39)

<color=#E286AA>[SandboxArm]</color> <color=#FFE7EF>Setting arm mode to Prop</color> 
(Filename: ./Runtime/Export/Debug/Debug.bindings.h Line: 39)

<color=#E286AA>[SandboxArm]</color> <color=#FFE7EF>Setting Arm Mode to: Sandbox.Arm.PlaceMode</color> 
(Filename: ./Runtime/Export/Debug/Debug.bindings.h Line: 39)

<color=#E286AA>[SandboxArm]</color> <color=#FFE7EF>Reloading arm icon</color> 
(Filename: ./Runtime/Export/Debug/Debug.bindings.h Line: 39)

<color=#E286AA>[SandboxArm]</color> <color=#FFE7EF>Setting arm mode to SimpleSpawn</color> 
(Filename: ./Runtime/Export/Debug/Debug.bindings.h Line: 39)

<color=#E286AA>[SandboxArm]</color> <color=#FFE7EF>Setting Arm Mode to: Sandbox.Arm.PlaceMode</color> 
(Filename: ./Runtime/Export/Debug/Debug.bindings.h Line: 39)

<color=#E286AA>[SandboxArm]</color> <color=#FFE7EF>Reloading arm icon</color> 
(Filename: ./Runtime/Export/Debug/Debug.bindings.h Line: 39)

Look rotation viewing vector is zero 
(Filename:  Line: 85)

Look rotation viewing vector is zero 
(Filename:  Line: 85)

Look rotation viewing vector is zero 
(Filename:  Line: 85)

Look rotation viewing vector is zero 
(Filename:  Line: 85)

<color=#CD8582>[CheatsController]</color> <color=#F0E0E0>Paused</color> 
(Filename: ./Runtime/Export/Debug/Debug.bindings.h Line: 39)

UpdateSelf levelLeaderboards DefaultInt:  DefaultBool: True DefaultFloat:  
(Filename: ./Runtime/Export/Debug/Debug.bindings.h Line: 39)

UpdateSelf parryFlash DefaultInt:  DefaultBool: True DefaultFloat:  
(Filename: ./Runtime/Export/Debug/Debug.bindings.h Line: 39)

UpdateSelf discordIntegration DefaultInt:  DefaultBool: True DefaultFloat:  
(Filename: ./Runtime/Export/Debug/Debug.bindings.h Line: 39)

UpdateSelf screenShake DefaultInt:  DefaultBool:  DefaultFloat: 1 
(Filename: ./Runtime/Export/Debug/Debug.bindings.h Line: 39)

UpdateSelf cameraTilt DefaultInt:  DefaultBool: True DefaultFloat:  
(Filename: ./Runtime/Export/Debug/Debug.bindings.h Line: 39)

UpdateSelf weaponHoldPosition DefaultInt: 0 DefaultBool:  DefaultFloat:  
(Filename: ./Runtime/Export/Debug/Debug.bindings.h Line: 39)

UpdateSelf pauseMenuConfirmationDialogs DefaultInt: 0 DefaultBool:  DefaultFloat:  
(Filename: ./Runtime/Export/Debug/Debug.bindings.h Line: 39)

UpdateSelf variationMemory DefaultInt:  DefaultBool: False DefaultFloat:  
(Filename: ./Runtime/Export/Debug/Debug.bindings.h Line: 39)

UpdateSelf seasonalEvents DefaultInt:  DefaultBool: True DefaultFloat:  
(Filename: ./Runtime/Export/Debug/Debug.bindings.h Line: 39)

UpdateSelf sandboxSaveOverwriteWarnings DefaultInt:  DefaultBool: True DefaultFloat:  
(Filename: ./Runtime/Export/Debug/Debug.bindings.h Line: 39)

UpdateSelf bossDifficultyOverride DefaultInt: 0 DefaultBool:  DefaultFloat:  
(Filename: ./Runtime/Export/Debug/Debug.bindings.h Line: 39)

UpdateSelf autoAim DefaultInt:  DefaultBool: False DefaultFloat:  
(Filename: ./Runtime/Export/Debug/Debug.bindings.h Line: 39)

UpdateSelf majorAssist DefaultInt:  DefaultBool: False DefaultFloat:  
(Filename: ./Runtime/Export/Debug/Debug.bindings.h Line: 39)

UpdateSelf infiniteStamina DefaultInt:  DefaultBool: False DefaultFloat:  
(Filename: ./Runtime/Export/Debug/Debug.bindings.h Line: 39)

UpdateSelf disableWhiplashHardDamage DefaultInt:  DefaultBool: False DefaultFloat:  
(Filename: ./Runtime/Export/Debug/Debug.bindings.h Line: 39)

UpdateSelf disableWeaponFreshness DefaultInt:  DefaultBool: False DefaultFloat:  
(Filename: ./Runtime/Export/Debug/Debug.bindings.h Line: 39)

UpdateSelf hideMajorAssistPopup DefaultInt:  DefaultBool: False DefaultFloat:  
(Filename: ./Runtime/Export/Debug/Debug.bindings.h Line: 39)

UpdateSelf gameSpeed DefaultInt:  DefaultBool:  DefaultFloat: 1 
(Filename: ./Runtime/Export/Debug/Debug.bindings.h Line: 39)

UpdateSelf damageTaken DefaultInt:  DefaultBool:  DefaultFloat: 1 
(Filename: ./Runtime/Export/Debug/Debug.bindings.h Line: 39)

UpdateSelf disableHardDamage DefaultInt:  DefaultBool: False DefaultFloat:  
(Filename: ./Runtime/Export/Debug/Debug.bindings.h Line: 39)

UpdateSelf majorAssist DefaultInt:  DefaultBool: False DefaultFloat:  
(Filename: ./Runtime/Export/Debug/Debug.bindings.h Line: 39)

UpdateSelf infiniteStamina DefaultInt:  DefaultBool: False DefaultFloat:  
(Filename: ./Runtime/Export/Debug/Debug.bindings.h Line: 39)

UpdateSelf disableWhiplashHardDamage DefaultInt:  DefaultBool: False DefaultFloat:  
(Filename: ./Runtime/Export/Debug/Debug.bindings.h Line: 39)

UpdateSelf disableHardDamage DefaultInt:  DefaultBool: False DefaultFloat:  
(Filename: ./Runtime/Export/Debug/Debug.bindings.h Line: 39)

UpdateSelf disableWeaponFreshness DefaultInt:  DefaultBool: False DefaultFloat:  
(Filename: ./Runtime/Export/Debug/Debug.bindings.h Line: 39)

UpdateSelf disableWeaponFreshness DefaultInt:  DefaultBool: False DefaultFloat:  
(Filename: ./Runtime/Export/Debug/Debug.bindings.h Line: 39)

UpdateSelf damageTaken DefaultInt:  DefaultBool:  DefaultFloat: 1 
(Filename: ./Runtime/Export/Debug/Debug.bindings.h Line: 39)

UpdateSelf damageTaken DefaultInt:  DefaultBool:  DefaultFloat: 1 
(Filename: ./Runtime/Export/Debug/Debug.bindings.h Line: 39)

UpdateSelf damageTaken DefaultInt:  DefaultBool:  DefaultFloat: 1 
(Filename: ./Runtime/Export/Debug/Debug.bindings.h Line: 39)

UpdateSelf damageTaken DefaultInt:  DefaultBool:  DefaultFloat: 1 
(Filename: ./Runtime/Export/Debug/Debug.bindings.h Line: 39)

UpdateSelf damageTaken DefaultInt:  DefaultBool:  DefaultFloat: 1 
(Filename: ./Runtime/Export/Debug/Debug.bindings.h Line: 39)

UpdateSelf damageTaken DefaultInt:  DefaultBool:  DefaultFloat: 1 
(Filename: ./Runtime/Export/Debug/Debug.bindings.h Line: 39)

UpdateSelf damageTaken DefaultInt:  DefaultBool:  DefaultFloat: 1 
(Filename: ./Runtime/Export/Debug/Debug.bindings.h Line: 39)

UpdateSelf damageTaken DefaultInt:  DefaultBool:  DefaultFloat: 1 
(Filename: ./Runtime/Export/Debug/Debug.bindings.h Line: 39)

UpdateSelf damageTaken DefaultInt:  DefaultBool:  DefaultFloat: 1 
(Filename: ./Runtime/Export/Debug/Debug.bindings.h Line: 39)

UpdateSelf damageTaken DefaultInt:  DefaultBool:  DefaultFloat: 1 
(Filename: ./Runtime/Export/Debug/Debug.bindings.h Line: 39)

UpdateSelf damageTaken DefaultInt:  DefaultBool:  DefaultFloat: 1 
(Filename: ./Runtime/Export/Debug/Debug.bindings.h Line: 39)

UpdateSelf damageTaken DefaultInt:  DefaultBool:  DefaultFloat: 1 
(Filename: ./Runtime/Export/Debug/Debug.bindings.h Line: 39)

UpdateSelf damageTaken DefaultInt:  DefaultBool:  DefaultFloat: 1 
(Filename: ./Runtime/Export/Debug/Debug.bindings.h Line: 39)

UpdateSelf damageTaken DefaultInt:  DefaultBool:  DefaultFloat: 1 
(Filename: ./Runtime/Export/Debug/Debug.bindings.h Line: 39)

UpdateSelf damageTaken DefaultInt:  DefaultBool:  DefaultFloat: 1 
(Filename: ./Runtime/Export/Debug/Debug.bindings.h Line: 39)

UpdateSelf damageTaken DefaultInt:  DefaultBool:  DefaultFloat: 1 
(Filename: ./Runtime/Export/Debug/Debug.bindings.h Line: 39)

UpdateSelf damageTaken DefaultInt:  DefaultBool:  DefaultFloat: 1 
(Filename: ./Runtime/Export/Debug/Debug.bindings.h Line: 39)

UpdateSelf damageTaken DefaultInt:  DefaultBool:  DefaultFloat: 1 
(Filename: ./Runtime/Export/Debug/Debug.bindings.h Line: 39)

UpdateSelf damageTaken DefaultInt:  DefaultBool:  DefaultFloat: 1 
(Filename: ./Runtime/Export/Debug/Debug.bindings.h Line: 39)

UpdateSelf damageTaken DefaultInt:  DefaultBool:  DefaultFloat: 1 
(Filename: ./Runtime/Export/Debug/Debug.bindings.h Line: 39)

UpdateSelf damageTaken DefaultInt:  DefaultBool:  DefaultFloat: 1 
(Filename: ./Runtime/Export/Debug/Debug.bindings.h Line: 39)

UpdateSelf damageTaken DefaultInt:  DefaultBool:  DefaultFloat: 1 
(Filename: ./Runtime/Export/Debug/Debug.bindings.h Line: 39)

UpdateSelf damageTaken DefaultInt:  DefaultBool:  DefaultFloat: 1 
(Filename: ./Runtime/Export/Debug/Debug.bindings.h Line: 39)

UpdateSelf damageTaken DefaultInt:  DefaultBool:  DefaultFloat: 1 
(Filename: ./Runtime/Export/Debug/Debug.bindings.h Line: 39)

UpdateSelf damageTaken DefaultInt:  DefaultBool:  DefaultFloat: 1 
(Filename: ./Runtime/Export/Debug/Debug.bindings.h Line: 39)

UpdateSelf disableWhiplashHardDamage DefaultInt:  DefaultBool: False DefaultFloat:  
(Filename: ./Runtime/Export/Debug/Debug.bindings.h Line: 39)

UpdateSelf disableHardDamage DefaultInt:  DefaultBool: False DefaultFloat:  
(Filename: ./Runtime/Export/Debug/Debug.bindings.h Line: 39)

UpdateSelf autoAim DefaultInt:  DefaultBool: False DefaultFloat:  
(Filename: ./Runtime/Export/Debug/Debug.bindings.h Line: 39)

UpdateSelf autoAimAmount DefaultInt:  DefaultBool:  DefaultFloat: 0.2 
(Filename: ./Runtime/Export/Debug/Debug.bindings.h Line: 39)

<color=#CD8582>[CheatsController]</color> <color=#F0E0E0>Paused</color> 
(Filename: ./Runtime/Export/Debug/Debug.bindings.h Line: 39)

<color=#CD8582>[CheatsController]</color> <color=#F0E0E0>Un-Paused</color> 
(Filename: ./Runtime/Export/Debug/Debug.bindings.h Line: 39)

(LoadSceneAsync) Loading scene Main Menu 
(Filename: ./Runtime/Export/Debug/Debug.bindings.h Line: 39)

The referenced script on this Behaviour (Game Object 'Virtual Camera') is missing! 
(Filename:  Line: 334)

The referenced script on this Behaviour (Game Object 'Main Camera') is missing! 
(Filename:  Line: 334)

The referenced script on this Behaviour (Game Object 'HUD Camera') is missing! 
(Filename:  Line: 334)

The referenced script on this Behaviour (Game Object 'Main Camera') is missing! 
(Filename:  Line: 334)

Unloading 3 Unused Serialized files (Serialized files now loaded: 26)
UnloadTime: 170.390274 ms
<color=#5494EE>[Presence]</color> <color=#CCE0FF>Scene loaded: Main Menu</color> 
(Filename: ./Runtime/Export/Debug/Debug.bindings.h Line: 39)

<color=#5494EE>[Presence]</color> <color=#CCE0FF>Submitting sandbox time</color> 
(Filename: ./Runtime/Export/Debug/Debug.bindings.h Line: 39)


Unloading 3207 unused Assets to reduce memory usage. Loaded Objects now: 96533.
Total: 178.831109 ms (FindLiveObjects: 5.330936 ms CreateObjectMapping: 3.765503 ms MarkObjects: 159.057687 ms  DeleteObjects: 10.676322 ms)

<color=#4AE34A>[Input]</color> <color=#D6FFCC><b>(Navigate)</b> Comparing action Navigate to default action Navigate</color> 
(Filename: ./Runtime/Export/Debug/Debug.bindings.h Line: 39)

<color=#4AE34A>[Input]</color> <color=#D6FFCC>Navigate to Navigate - Action: 5, Base: 5</color> 
(Filename: ./Runtime/Export/Debug/Debug.bindings.h Line: 39)

<color=#4AE34A>[Input]</color> <color=#D6FFCC><b>(Submit)</b> Comparing action Submit to default action Submit</color> 
(Filename: ./Runtime/Export/Debug/Debug.bindings.h Line: 39)

<color=#4AE34A>[Input]</color> <color=#D6FFCC>Submit to Submit - Action: 0, Base: 0</color> 
(Filename: ./Runtime/Export/Debug/Debug.bindings.h Line: 39)

<color=#4AE34A>[Input]</color> <color=#D6FFCC><b>(Cancel)</b> Comparing action Cancel to default action Cancel</color> 
(Filename: ./Runtime/Export/Debug/Debug.bindings.h Line: 39)

<color=#4AE34A>[Input]</color> <color=#D6FFCC>Cancel to Cancel - Action: 0, Base: 0</color> 
(Filename: ./Runtime/Export/Debug/Debug.bindings.h Line: 39)

<color=#4AE34A>[Input]</color> <color=#D6FFCC><b>(Point)</b> Comparing action Point to default action Point</color> 
(Filename: ./Runtime/Export/Debug/Debug.bindings.h Line: 39)

<color=#4AE34A>[Input]</color> <color=#D6FFCC>Point to Point - Action: 2, Base: 2</color> 
(Filename: ./Runtime/Export/Debug/Debug.bindings.h Line: 39)

<color=#4AE34A>[Input]</color> <color=#D6FFCC><b>(Click)</b> Comparing action Click to default action Click</color> 
(Filename: ./Runtime/Export/Debug/Debug.bindings.h Line: 39)

<color=#4AE34A>[Input]</color> <color=#D6FFCC>Click to Click - Action: 2, Base: 2</color> 
(Filename: ./Runtime/Export/Debug/Debug.bindings.h Line: 39)

<color=#4AE34A>[Input]</color> <color=#D6FFCC><b>(ScrollWheel)</b> Comparing action ScrollWheel to default action ScrollWheel</color> 
(Filename: ./Runtime/Export/Debug/Debug.bindings.h Line: 39)

<color=#4AE34A>[Input]</color> <color=#D6FFCC>ScrollWheel to ScrollWheel - Action: 1, Base: 1</color> 
(Filename: ./Runtime/Export/Debug/Debug.bindings.h Line: 39)

<color=#4AE34A>[Input]</color> <color=#D6FFCC><b>(MiddleClick)</b> Comparing action MiddleClick to default action MiddleClick</color> 
(Filename: ./Runtime/Export/Debug/Debug.bindings.h Line: 39)

<color=#4AE34A>[Input]</color> <color=#D6FFCC>MiddleClick to MiddleClick - Action: 1, Base: 1</color> 
(Filename: ./Runtime/Export/Debug/Debug.bindings.h Line: 39)

<color=#4AE34A>[Input]</color> <color=#D6FFCC><b>(RightClick)</b> Comparing action RightClick to default action RightClick</color> 
(Filename: ./Runtime/Export/Debug/Debug.bindings.h Line: 39)

<color=#4AE34A>[Input]</color> <color=#D6FFCC>RightClick to RightClick - Action: 1, Base: 1</color> 
(Filename: ./Runtime/Export/Debug/Debug.bindings.h Line: 39)

<color=#4AE34A>[Input]</color> <color=#D6FFCC><b>(TrackedDevicePosition)</b> Comparing action TrackedDevicePosition to default action TrackedDevicePosition</color> 
(Filename: ./Runtime/Export/Debug/Debug.bindings.h Line: 39)

<color=#4AE34A>[Input]</color> <color=#D6FFCC>TrackedDevicePosition to TrackedDevicePosition - Action: 0, Base: 0</color> 
(Filename: ./Runtime/Export/Debug/Debug.bindings.h Line: 39)

<color=#4AE34A>[Input]</color> <color=#D6FFCC><b>(TrackedDeviceOrientation)</b> Comparing action TrackedDeviceOrientation to default action TrackedDeviceOrientation</color> 
(Filename: ./Runtime/Export/Debug/Debug.bindings.h Line: 39)

<color=#4AE34A>[Input]</color> <color=#D6FFCC>TrackedDeviceOrientation to TrackedDeviceOrientation - Action: 0, Base: 0</color> 
(Filename: ./Runtime/Export/Debug/Debug.bindings.h Line: 39)

<color=#4AE34A>[Input]</color> <color=#D6FFCC><b>(ScrollSublist)</b> Comparing action ScrollSublist to default action ScrollSublist</color> 
(Filename: ./Runtime/Export/Debug/Debug.bindings.h Line: 39)

<color=#4AE34A>[Input]</color> <color=#D6FFCC>ScrollSublist to ScrollSublist - Action: 0, Base: 0</color> 
(Filename: ./Runtime/Export/Debug/Debug.bindings.h Line: 39)

<color=#4AE34A>[Input]</color> <color=#D6FFCC><b>(Pause)</b> Comparing action Pause to default action Pause</color> 
(Filename: ./Runtime/Export/Debug/Debug.bindings.h Line: 39)

<color=#4AE34A>[Input]</color> <color=#D6FFCC>Pause to Pause - Action: 1, Base: 1</color> 
(Filename: ./Runtime/Export/Debug/Debug.bindings.h Line: 39)

<color=#4AE34A>[Input]</color> <color=#D6FFCC><b>(Move)</b> Comparing action Move to default action Move</color> 
(Filename: ./Runtime/Export/Debug/Debug.bindings.h Line: 39)

<color=#4AE34A>[Input]</color> <color=#D6FFCC>Move to Move - Action: 5, Base: 5</color> 
(Filename: ./Runtime/Export/Debug/Debug.bindings.h Line: 39)

<color=#4AE34A>[Input]</color> <color=#D6FFCC><b>(Look)</b> Comparing action Look to default action Look</color> 
(Filename: ./Runtime/Export/Debug/Debug.bindings.h Line: 39)

<color=#4AE34A>[Input]</color> <color=#D6FFCC>Look to Look - Action: 1, Base: 1</color> 
(Filename: ./Runtime/Export/Debug/Debug.bindings.h Line: 39)

<color=#4AE34A>[Input]</color> <color=#D6FFCC><b>(Dodge)</b> Comparing action Dodge to default action Dodge</color> 
(Filename: ./Runtime/Export/Debug/Debug.bindings.h Line: 39)

<color=#4AE34A>[Input]</color> <color=#D6FFCC>Dodge to Dodge - Action: 1, Base: 1</color> 
(Filename: ./Runtime/Export/Debug/Debug.bindings.h Line: 39)

<color=#4AE34A>[Input]</color> <color=#D6FFCC><b>(Slide)</b> Comparing action Slide to default action Slide</color> 
(Filename: ./Runtime/Export/Debug/Debug.bindings.h Line: 39)

<color=#4AE34A>[Input]</color> <color=#D6FFCC>Slide to Slide - Action: 1, Base: 1</color> 
(Filename: ./Runtime/Export/Debug/Debug.bindings.h Line: 39)

<color=#4AE34A>[Input]</color> <color=#D6FFCC><b>(Jump)</b> Comparing action Jump to default action Jump</color> 
(Filename: ./Runtime/Export/Debug/Debug.bindings.h Line: 39)

<color=#4AE34A>[Input]</color> <color=#D6FFCC>Jump to Jump - Action: 1, Base: 1</color> 
(Filename: ./Runtime/Export/Debug/Debug.bindings.h Line: 39)

<color=#4AE34A>[Input]</color> <color=#D6FFCC><b>(Punch)</b> Comparing action Punch to default action Punch</color> 
(Filename: ./Runtime/Export/Debug/Debug.bindings.h Line: 39)

<color=#4AE34A>[Input]</color> <color=#D6FFCC>Punch to Punch - Action: 1, Base: 1</color> 
(Filename: ./Runtime/Export/Debug/Debug.bindings.h Line: 39)

<color=#4AE34A>[Input]</color> <color=#D6FFCC><b>(Change Fist)</b> Comparing action Change Fist to default action Change Fist</color> 
(Filename: ./Runtime/Export/Debug/Debug.bindings.h Line: 39)

<color=#4AE34A>[Input]</color> <color=#D6FFCC>Change Fist to Change Fist - Action: 1, Base: 1</color> 
(Filename: ./Runtime/Export/Debug/Debug.bindings.h Line: 39)

<color=#4AE34A>[Input]</color> <color=#D6FFCC><b>(Punch (Feedbacker))</b> Comparing action Punch (Feedbacker) to default action Punch (Feedbacker)</color> 
(Filename: ./Runtime/Export/Debug/Debug.bindings.h Line: 39)

<color=#4AE34A>[Input]</color> <color=#D6FFCC>Punch (Feedbacker) to Punch (Feedbacker) - Action: 0, Base: 0</color> 
(Filename: ./Runtime/Export/Debug/Debug.bindings.h Line: 39)

<color=#4AE34A>[Input]</color> <color=#D6FFCC><b>(Punch (Knuckleblaster))</b> Comparing action Punch (Knuckleblaster) to default action Punch (Knuckleblaster)</color> 
(Filename: ./Runtime/Export/Debug/Debug.bindings.h Line: 39)

<color=#4AE34A>[Input]</color> <color=#D6FFCC>Punch (Knuckleblaster) to Punch (Knuckleblaster) - Action: 0, Base: 0</color> 
(Filename: ./Runtime/Export/Debug/Debug.bindings.h Line: 39)

<color=#4AE34A>[Input]</color> <color=#D6FFCC><b>(Hook)</b> Comparing action Hook to default action Hook</color> 
(Filename: ./Runtime/Export/Debug/Debug.bindings.h Line: 39)

<color=#4AE34A>[Input]</color> <color=#D6FFCC>Hook to Hook - Action: 1, Base: 1</color> 
(Filename: ./Runtime/Export/Debug/Debug.bindings.h Line: 39)

<color=#4AE34A>[Input]</color> <color=#D6FFCC><b>(Primary Fire)</b> Comparing action Primary Fire to default action Primary Fire</color> 
(Filename: ./Runtime/Export/Debug/Debug.bindings.h Line: 39)

<color=#4AE34A>[Input]</color> <color=#D6FFCC>Primary Fire to Primary Fire - Action: 1, Base: 1</color> 
(Filename: ./Runtime/Export/Debug/Debug.bindings.h Line: 39)

<color=#4AE34A>[Input]</color> <color=#D6FFCC><b>(Secondary Fire)</b> Comparing action Secondary Fire to default action Secondary Fire</color> 
(Filename: ./Runtime/Export/Debug/Debug.bindings.h Line: 39)

<color=#4AE34A>[Input]</color> <color=#D6FFCC>Secondary Fire to Secondary Fire - Action: 1, Base: 1</color> 
(Filename: ./Runtime/Export/Debug/Debug.bindings.h Line: 39)

<color=#4AE34A>[Input]</color> <color=#D6FFCC><b>(Next Variation)</b> Comparing action Next Variation to default action Next Variation</color> 
(Filename: ./Runtime/Export/Debug/Debug.bindings.h Line: 39)

<color=#4AE34A>[Input]</color> <color=#D6FFCC>Next Variation to Next Variation - Action: 1, Base: 1</color> 
(Filename: ./Runtime/Export/Debug/Debug.bindings.h Line: 39)

<color=#4AE34A>[Input]</color> <color=#D6FFCC><b>(Previous Variation)</b> Comparing action Previous Variation to default action Previous Variation</color> 
(Filename: ./Runtime/Export/Debug/Debug.bindings.h Line: 39)

<color=#4AE34A>[Input]</color> <color=#D6FFCC>Previous Variation to Previous Variation - Action: 1, Base: 1</color> 
(Filename: ./Runtime/Export/Debug/Debug.bindings.h Line: 39)

<color=#4AE34A>[Input]</color> <color=#D6FFCC><b>(Revolver)</b> Comparing action Revolver to default action Revolver</color> 
(Filename: ./Runtime/Export/Debug/Debug.bindings.h Line: 39)

<color=#4AE34A>[Input]</color> <color=#D6FFCC>Revolver to Revolver - Action: 1, Base: 1</color> 
(Filename: ./Runtime/Export/Debug/Debug.bindings.h Line: 39)

<color=#4AE34A>[Input]</color> <color=#D6FFCC><b>(Shotgun)</b> Comparing action Shotgun to default action Shotgun</color> 
(Filename: ./Runtime/Export/Debug/Debug.bindings.h Line: 39)

<color=#4AE34A>[Input]</color> <color=#D6FFCC>Shotgun to Shotgun - Action: 1, Base: 1</color> 
(Filename: ./Runtime/Export/Debug/Debug.bindings.h Line: 39)

<color=#4AE34A>[Input]</color> <color=#D6FFCC><b>(Nailgun)</b> Comparing action Nailgun to default action Nailgun</color> 
(Filename: ./Runtime/Export/Debug/Debug.bindings.h Line: 39)

<color=#4AE34A>[Input]</color> <color=#D6FFCC>Nailgun to Nailgun - Action: 1, Base: 1</color> 
(Filename: ./Runtime/Export/Debug/Debug.bindings.h Line: 39)

<color=#4AE34A>[Input]</color> <color=#D6FFCC><b>(Railcannon)</b> Comparing action Railcannon to default action Railcannon</color> 
(Filename: ./Runtime/Export/Debug/Debug.bindings.h Line: 39)

<color=#4AE34A>[Input]</color> <color=#D6FFCC>Railcannon to Railcannon - Action: 1, Base: 1</color> 
(Filename: ./Runtime/Export/Debug/Debug.bindings.h Line: 39)

<color=#4AE34A>[Input]</color> <color=#D6FFCC><b>(Rocket Launcher)</b> Comparing action Rocket Launcher to default action Rocket Launcher</color> 
(Filename: ./Runtime/Export/Debug/Debug.bindings.h Line: 39)

<color=#4AE34A>[Input]</color> <color=#D6FFCC>Rocket Launcher to Rocket Launcher - Action: 1, Base: 1</color> 
(Filename: ./Runtime/Export/Debug/Debug.bindings.h Line: 39)

<color=#4AE34A>[Input]</color> <color=#D6FFCC><b>(Spawner Arm)</b> Comparing action Spawner Arm to default action Spawner Arm</color> 
(Filename: ./Runtime/Export/Debug/Debug.bindings.h Line: 39)

<color=#4AE34A>[Input]</color> <color=#D6FFCC>Spawner Arm to Spawner Arm - Action: 1, Base: 1</color> 
(Filename: ./Runtime/Export/Debug/Debug.bindings.h Line: 39)

<color=#4AE34A>[Input]</color> <color=#D6FFCC><b>(Next Weapon)</b> Comparing action Next Weapon to default action Next Weapon</color> 
(Filename: ./Runtime/Export/Debug/Debug.bindings.h Line: 39)

<color=#4AE34A>[Input]</color> <color=#D6FFCC>Next Weapon to Next Weapon - Action: 0, Base: 0</color> 
(Filename: ./Runtime/Export/Debug/Debug.bindings.h Line: 39)

<color=#4AE34A>[Input]</color> <color=#D6FFCC><b>(Previous Weapon)</b> Comparing action Previous Weapon to default action Previous Weapon</color> 
(Filename: ./Runtime/Export/Debug/Debug.bindings.h Line: 39)

<color=#4AE34A>[Input]</color> <color=#D6FFCC>Previous Weapon to Previous Weapon - Action: 0, Base: 0</color> 
(Filename: ./Runtime/Export/Debug/Debug.bindings.h Line: 39)

<color=#4AE34A>[Input]</color> <color=#D6FFCC><b>(Last Used Weapon)</b> Comparing action Last Used Weapon to default action Last Used Weapon</color> 
(Filename: ./Runtime/Export/Debug/Debug.bindings.h Line: 39)

<color=#4AE34A>[Input]</color> <color=#D6FFCC>Last Used Weapon to Last Used Weapon - Action: 0, Base: 0</color> 
(Filename: ./Runtime/Export/Debug/Debug.bindings.h Line: 39)

<color=#4AE34A>[Input]</color> <color=#D6FFCC><b>(WheelLook)</b> Comparing action WheelLook to default action WheelLook</color> 
(Filename: ./Runtime/Export/Debug/Debug.bindings.h Line: 39)

<color=#4AE34A>[Input]</color> <color=#D6FFCC>WheelLook to WheelLook - Action: 1, Base: 1</color> 
(Filename: ./Runtime/Export/Debug/Debug.bindings.h Line: 39)

<color=#4AE34A>[Input]</color> <color=#D6FFCC><b>(Variation Slot 1)</b> Comparing action Variation Slot 1 to default action Variation Slot 1</color> 
(Filename: ./Runtime/Export/Debug/Debug.bindings.h Line: 39)

<color=#4AE34A>[Input]</color> <color=#D6FFCC>Variation Slot 1 to Variation Slot 1 - Action: 0, Base: 0</color> 
(Filename: ./Runtime/Export/Debug/Debug.bindings.h Line: 39)

<color=#4AE34A>[Input]</color> <color=#D6FFCC><b>(Variation Slot 2)</b> Comparing action Variation Slot 2 to default action Variation Slot 2</color> 
(Filename: ./Runtime/Export/Debug/Debug.bindings.h Line: 39)

<color=#4AE34A>[Input]</color> <color=#D6FFCC>Variation Slot 2 to Variation Slot 2 - Action: 0, Base: 0</color> 
(Filename: ./Runtime/Export/Debug/Debug.bindings.h Line: 39)

<color=#4AE34A>[Input]</color> <color=#D6FFCC><b>(Variation Slot 3)</b> Comparing action Variation Slot 3 to default action Variation Slot 3</color> 
(Filename: ./Runtime/Export/Debug/Debug.bindings.h Line: 39)

<color=#4AE34A>[Input]</color> <color=#D6FFCC>Variation Slot 3 to Variation Slot 3 - Action: 0, Base: 0</color> 
(Filename: ./Runtime/Export/Debug/Debug.bindings.h Line: 39)

<color=#4AE34A>[Input]</color> <color=#D6FFCC><b>(Stats)</b> Comparing action Stats to default action Stats</color> 
(Filename: ./Runtime/Export/Debug/Debug.bindings.h Line: 39)

<color=#4AE34A>[Input]</color> <color=#D6FFCC>Stats to Stats - Action: 1, Base: 1</color> 
(Filename: ./Runtime/Export/Debug/Debug.bindings.h Line: 39)

